Performing C++ SOURCE FILE Test CMAKE_HAVE_LIBC_PTHREAD failed with the following output:
Change Dir: /home/pi/Documents/SrivamsiMalladi/VibrationDAQ_AE/VibrationDAQ/build/CMakeFiles/CMakeTmp

Run Build Command(s):/usr/bin/gmake cmTC_70f98/fast && /usr/bin/gmake  -f CMakeFiles/cmTC_70f98.dir/build.make CMakeFiles/cmTC_70f98.dir/build
gmake[1]: Entering directory '/home/pi/Documents/SrivamsiMalladi/VibrationDAQ_AE/VibrationDAQ/build/CMakeFiles/CMakeTmp'
Building CXX object CMakeFiles/cmTC_70f98.dir/src.cxx.o
/usr/bin/c++   -DLOGURU_WITH_STREAMS=1 -DCMAKE_HAVE_LIBC_PTHREAD -std=c++17 -o CMakeFiles/cmTC_70f98.dir/src.cxx.o -c /home/pi/Documents/SrivamsiMalladi/VibrationDAQ_AE/VibrationDAQ/build/CMakeFiles/CMakeTmp/src.cxx
Linking CXX executable cmTC_70f98
/usr/bin/cmake -E cmake_link_script CMakeFiles/cmTC_70f98.dir/link.txt --verbose=1
/usr/bin/c++  -DLOGURU_WITH_STREAMS=1 -DCMAKE_HAVE_LIBC_PTHREAD CMakeFiles/cmTC_70f98.dir/src.cxx.o -o cmTC_70f98 
/usr/bin/ld: CMakeFiles/cmTC_70f98.dir/src.cxx.o: in function `main':
src.cxx:(.text+0x40): undefined reference to `pthread_create'
/usr/bin/ld: src.cxx:(.text+0x4c): undefined reference to `pthread_detach'
/usr/bin/ld: src.cxx:(.text+0x58): undefined reference to `pthread_cancel'
/usr/bin/ld: src.cxx:(.text+0x68): undefined reference to `pthread_join'
collect2: error: ld returned 1 exit status
gmake[1]: *** [CMakeFiles/cmTC_70f98.dir/build.make:106: cmTC_70f98] Error 1
gmake[1]: Leaving directory '/home/pi/Documents/SrivamsiMalladi/VibrationDAQ_AE/VibrationDAQ/build/CMakeFiles/CMakeTmp'
gmake: *** [Makefile:140: cmTC_70f98/fast] Error 2


Source file was:
#include <pthread.h>

void* test_func(void* data)
{
  return data;
}

int main(void)
{
  pthread_t thread;
  pthread_create(&thread, NULL, test_func, NULL);
  pthread_detach(thread);
  pthread_cancel(thread);
  pthread_join(thread, NULL);
  pthread_atfork(NULL, NULL, NULL);
  pthread_exit(NULL);

  return 0;
}

